<?xml version="1.0" encoding="UTF-8"?>
<!-- Generated by org.testng.reporters.JUnitReportReporter -->
<testsuite skipped="0" hostname="IMCPBCP65-MSL1" name="frameworkDesign2.RegisterPageTest" tests="1" failures="0" timestamp="2022-05-25T17:36:21 IST" time="14.164" errors="0">
  <testcase name="registerTest" time="14.164" classname="frameworkDesign2.RegisterPageTest"/>
  <system-out/>
</testsuite> <!-- frameworkDesign2.RegisterPageTest -->
