<?xml version="1.0" encoding="UTF-8"?>
<!-- Generated by org.testng.reporters.JUnitReportReporter -->
<testsuite skipped="0" hostname="IMCPBCP65-MSL1" name="framework.test.RegisterPageTest" tests="1" failures="0" timestamp="2022-05-25T16:05:45 IST" time="19.358" errors="0">
  <testcase name="registerTest" time="19.358" classname="framework.test.RegisterPageTest"/>
  <system-out/>
</testsuite> <!-- framework.test.RegisterPageTest -->
