<?xml version="1.0" encoding="UTF-8"?>
<!-- Generated by org.testng.reporters.JUnitReportReporter -->
<testsuite skipped="0" hostname="IMCPBCP65-MSL1" name="frameworkDesign2.LoginPageTest" tests="1" failures="0" timestamp="2022-05-25T17:21:35 IST" time="16.359" errors="0">
  <testcase name="loginTest" time="16.359" classname="frameworkDesign2.LoginPageTest"/>
  <system-out/>
</testsuite> <!-- frameworkDesign2.LoginPageTest -->
