<?xml version="1.0" encoding="UTF-8"?>
<!-- Generated by org.testng.reporters.JUnitReportReporter -->
<testsuite skipped="0" hostname="IMCPBCP65-MSL1" name="framework.test.LoginPageTest" tests="2" failures="0" timestamp="2022-05-25T16:29:02 IST" time="14.630" errors="0">
  <testcase name="CompanyUpdateTest" time="3.086" classname="framework.test.LoginPageTest"/>
  <system-out/>
  <testcase name="loginTest" time="11.544" classname="framework.test.LoginPageTest"/>
  <system-out/>
</testsuite> <!-- framework.test.LoginPageTest -->
