<?xml version="1.0" encoding="UTF-8"?>
<!-- Generated by org.testng.reporters.JUnitReportReporter -->
<testsuite skipped="0" hostname="IMCPBCP65-MSL1" name="frameworkDesign2.CompanyUpdatePageTest" tests="2" failures="0" timestamp="2022-05-25T17:39:14 IST" time="11.633" errors="0">
  <testcase name="CompanyUpdateTest" time="2.620" classname="frameworkDesign2.CompanyUpdatePageTest"/>
  <system-out/>
  <testcase name="loginTest" time="9.013" classname="frameworkDesign2.CompanyUpdatePageTest"/>
  <system-out/>
</testsuite> <!-- frameworkDesign2.CompanyUpdatePageTest -->
